INFO:  latexindent version 3.21, 2023-05-01, a script to indent .tex files
       latexindent lives here: /nix/store/avgb6s87hcx704zj8232ngdjxz7hxnqi-perl5.38.2-latexindent.pl-3.21/bin/
       Sun Jul 21 02:25:15 2024
       Reading input from STDIN
INFO:  Processing switches:
INFO:  Directory for backup files and indent.log:
       .
INFO:  YAML settings read: defaultSettings.yaml
       Reading defaultSettings.yaml from /nix/store/avgb6s87hcx704zj8232ngdjxz7hxnqi-perl5.38.2-latexindent.pl-3.21/bin/defaultSettings.yaml
       Reading defaultSettings.yaml (2nd attempt) from /nix/store/avgb6s87hcx704zj8232ngdjxz7hxnqi-perl5.38.2-latexindent.pl-3.21/bin/../../texmf-dist/scripts/latexindent/defaultSettings.yaml
       and then, if necessary, /nix/store/avgb6s87hcx704zj8232ngdjxz7hxnqi-perl5.38.2-latexindent.pl-3.21/bin/LatexIndent/defaultSettings.yaml
INFO:  YAML reading settings
       Home directory is /home/wolf
       latexindent.pl didn't find indentconfig.yaml or .indentconfig.yaml
       see all possible locations: https://latexindentpl.readthedocs.io/en/latest/sec-appendices.html#indentconfig-options)
INFO:  Phase 1: searching for objects
INFO:  Phase 2: finding surrounding indentation
INFO:  Phase 3: indenting objects
INFO:  Phase 4: final indentation check
INFO:  Output routine:
       Not outputting to file; see -w and -o switches for more options.
       --------------
INFO:  Please direct all communication/issues to:
        https://github.com/cmhughes/latexindent.pl
